{"/Users/mina/Documents/HR105/FECproject/client/src/components/app.jsx": {"path":"/Users/mina/Documents/HR105/FECproject/client/src/components/app.jsx","statementMap":{"0":{"start":{"line":9,"column":4},"end":{"line":9,"column":17}},"1":{"start":{"line":10,"column":4},"end":{"line":13,"column":6}},"2":{"start":{"line":14,"column":4},"end":{"line":14,"column":43}},"3":{"start":{"line":15,"column":4},"end":{"line":15,"column":57}},"4":{"start":{"line":16,"column":4},"end":{"line":16,"column":59}},"5":{"start":{"line":17,"column":4},"end":{"line":17,"column":61}},"6":{"start":{"line":21,"column":4},"end":{"line":21,"column":19}},"7":{"start":{"line":25,"column":23},"end":{"line":25,"column":25}},"8":{"start":{"line":26,"column":18},"end":{"line":26,"column":52}},"9":{"start":{"line":27,"column":4},"end":{"line":37,"column":7}},"10":{"start":{"line":31,"column":8},"end":{"line":31,"column":32}},"11":{"start":{"line":32,"column":8},"end":{"line":32,"column":82}},"12":{"start":{"line":32,"column":54},"end":{"line":32,"column":80}},"13":{"start":{"line":33,"column":8},"end":{"line":35,"column":9}},"14":{"start":{"line":34,"column":10},"end":{"line":34,"column":48}},"15":{"start":{"line":41,"column":18},"end":{"line":41,"column":52}},"16":{"start":{"line":42,"column":4},"end":{"line":48,"column":7}},"17":{"start":{"line":46,"column":8},"end":{"line":46,"column":32}},"18":{"start":{"line":52,"column":21},"end":{"line":52,"column":31}},"19":{"start":{"line":53,"column":4},"end":{"line":53,"column":30}},"20":{"start":{"line":54,"column":4},"end":{"line":54,"column":28}},"21":{"start":{"line":58,"column":21},"end":{"line":58,"column":31}},"22":{"start":{"line":59,"column":4},"end":{"line":59,"column":31}},"23":{"start":{"line":60,"column":4},"end":{"line":60,"column":28}},"24":{"start":{"line":66,"column":4},"end":{"line":76,"column":5}},"25":{"start":{"line":67,"column":6},"end":{"line":67,"column":96}},"26":{"start":{"line":68,"column":6},"end":{"line":73,"column":8}},"27":{"start":{"line":75,"column":6},"end":{"line":75,"column":38}},"28":{"start":{"line":77,"column":4},"end":{"line":88,"column":6}}},"fnMap":{"0":{"name":"(anonymous_0)","decl":{"start":{"line":8,"column":2},"end":{"line":8,"column":3}},"loc":{"start":{"line":8,"column":21},"end":{"line":18,"column":3}},"line":8},"1":{"name":"(anonymous_1)","decl":{"start":{"line":20,"column":2},"end":{"line":20,"column":3}},"loc":{"start":{"line":20,"column":22},"end":{"line":22,"column":3}},"line":20},"2":{"name":"(anonymous_2)","decl":{"start":{"line":24,"column":2},"end":{"line":24,"column":3}},"loc":{"start":{"line":24,"column":23},"end":{"line":38,"column":3}},"line":24},"3":{"name":"(anonymous_3)","decl":{"start":{"line":30,"column":15},"end":{"line":30,"column":16}},"loc":{"start":{"line":30,"column":25},"end":{"line":36,"column":7}},"line":30},"4":{"name":"(anonymous_4)","decl":{"start":{"line":32,"column":46},"end":{"line":32,"column":47}},"loc":{"start":{"line":32,"column":54},"end":{"line":32,"column":80}},"line":32},"5":{"name":"(anonymous_5)","decl":{"start":{"line":40,"column":2},"end":{"line":40,"column":3}},"loc":{"start":{"line":40,"column":12},"end":{"line":49,"column":3}},"line":40},"6":{"name":"(anonymous_6)","decl":{"start":{"line":45,"column":15},"end":{"line":45,"column":16}},"loc":{"start":{"line":45,"column":25},"end":{"line":47,"column":7}},"line":45},"7":{"name":"(anonymous_7)","decl":{"start":{"line":51,"column":2},"end":{"line":51,"column":3}},"loc":{"start":{"line":51,"column":20},"end":{"line":55,"column":3}},"line":51},"8":{"name":"(anonymous_8)","decl":{"start":{"line":57,"column":2},"end":{"line":57,"column":3}},"loc":{"start":{"line":57,"column":21},"end":{"line":61,"column":3}},"line":57},"9":{"name":"(anonymous_9)","decl":{"start":{"line":63,"column":2},"end":{"line":63,"column":3}},"loc":{"start":{"line":63,"column":11},"end":{"line":89,"column":3}},"line":63}},"branchMap":{"0":{"loc":{"start":{"line":33,"column":8},"end":{"line":35,"column":9}},"type":"if","locations":[{"start":{"line":33,"column":8},"end":{"line":35,"column":9}},{"start":{"line":33,"column":8},"end":{"line":35,"column":9}}],"line":33},"1":{"loc":{"start":{"line":66,"column":4},"end":{"line":76,"column":5}},"type":"if","locations":[{"start":{"line":66,"column":4},"end":{"line":76,"column":5}},{"start":{"line":66,"column":4},"end":{"line":76,"column":5}}],"line":66}},"s":{"0":10,"1":10,"2":10,"3":10,"4":10,"5":10,"6":10,"7":1,"8":1,"9":1,"10":0,"11":0,"12":0,"13":0,"14":0,"15":11,"16":11,"17":0,"18":1,"19":1,"20":1,"21":1,"22":1,"23":1,"24":15,"25":2,"26":2,"27":13,"28":15},"f":{"0":10,"1":10,"2":1,"3":0,"4":0,"5":11,"6":0,"7":1,"8":1,"9":15},"b":{"0":[0,0],"1":[2,13]},"_coverageSchema":"332fd63041d2c1bcb487cc26dd0d5f7d97098a6c","hash":"37f30e827eebb90a094ea22ecde055de7abb93a0"}
,"/Users/mina/Documents/HR105/FECproject/client/src/components/buttomreviewpart.jsx": {"path":"/Users/mina/Documents/HR105/FECproject/client/src/components/buttomreviewpart.jsx","statementMap":{"0":{"start":{"line":4,"column":25},"end":{"line":26,"column":1}},"1":{"start":{"line":5,"column":2},"end":{"line":25,"column":4}},"2":{"start":{"line":6,"column":4},"end":{"line":24,"column":10}}},"fnMap":{"0":{"name":"(anonymous_0)","decl":{"start":{"line":4,"column":25},"end":{"line":4,"column":26}},"loc":{"start":{"line":5,"column":2},"end":{"line":25,"column":4}},"line":5},"1":{"name":"(anonymous_1)","decl":{"start":{"line":5,"column":17},"end":{"line":5,"column":18}},"loc":{"start":{"line":6,"column":4},"end":{"line":24,"column":10}},"line":6}},"branchMap":{},"s":{"0":3,"1":1,"2":1},"f":{"0":1,"1":1},"b":{},"_coverageSchema":"332fd63041d2c1bcb487cc26dd0d5f7d97098a6c","hash":"1817649bbcbd57964f169c592b683f04fa9b3c6e"}
,"/Users/mina/Documents/HR105/FECproject/client/src/components/report.jsx": {"path":"/Users/mina/Documents/HR105/FECproject/client/src/components/report.jsx","statementMap":{"0":{"start":{"line":7,"column":2},"end":{"line":63,"column":4}}},"fnMap":{"0":{"name":"Report","decl":{"start":{"line":6,"column":9},"end":{"line":6,"column":15}},"loc":{"start":{"line":6,"column":23},"end":{"line":64,"column":1}},"line":6}},"branchMap":{},"s":{"0":1},"f":{"0":1},"b":{},"_coverageSchema":"332fd63041d2c1bcb487cc26dd0d5f7d97098a6c","hash":"30727c659d8e2f04012db8d59f60940c4c357126"}
,"/Users/mina/Documents/HR105/FECproject/client/src/components/reviewtotalnumber.jsx": {"path":"/Users/mina/Documents/HR105/FECproject/client/src/components/reviewtotalnumber.jsx","statementMap":{"0":{"start":{"line":4,"column":26},"end":{"line":12,"column":1}},"1":{"start":{"line":5,"column":2},"end":{"line":11,"column":8}}},"fnMap":{"0":{"name":"(anonymous_0)","decl":{"start":{"line":4,"column":26},"end":{"line":4,"column":27}},"loc":{"start":{"line":5,"column":2},"end":{"line":11,"column":8}},"line":5}},"branchMap":{},"s":{"0":3,"1":1},"f":{"0":1},"b":{},"_coverageSchema":"332fd63041d2c1bcb487cc26dd0d5f7d97098a6c","hash":"ce51475006c8f188f613a0747770c1016ad7b59e"}
,"/Users/mina/Documents/HR105/FECproject/client/src/components/searchbar.jsx": {"path":"/Users/mina/Documents/HR105/FECproject/client/src/components/searchbar.jsx","statementMap":{"0":{"start":{"line":3,"column":22},"end":{"line":8,"column":1}},"1":{"start":{"line":4,"column":2},"end":{"line":7,"column":8}},"2":{"start":{"line":6,"column":106},"end":{"line":6,"column":175}}},"fnMap":{"0":{"name":"(anonymous_0)","decl":{"start":{"line":3,"column":22},"end":{"line":3,"column":23}},"loc":{"start":{"line":4,"column":2},"end":{"line":7,"column":8}},"line":4},"1":{"name":"(anonymous_1)","decl":{"start":{"line":6,"column":100},"end":{"line":6,"column":101}},"loc":{"start":{"line":6,"column":106},"end":{"line":6,"column":175}},"line":6}},"branchMap":{},"s":{"0":4,"1":2,"2":0},"f":{"0":2,"1":0},"b":{},"_coverageSchema":"332fd63041d2c1bcb487cc26dd0d5f7d97098a6c","hash":"d3bcad15233a34ffc1cca1565bdd1436caafc3f8"}
,"/Users/mina/Documents/HR105/FECproject/client/src/components/starpresentation.jsx": {"path":"/Users/mina/Documents/HR105/FECproject/client/src/components/starpresentation.jsx","statementMap":{"0":{"start":{"line":6,"column":4},"end":{"line":6,"column":17}},"1":{"start":{"line":7,"column":4},"end":{"line":10,"column":6}},"2":{"start":{"line":11,"column":4},"end":{"line":11,"column":49}},"3":{"start":{"line":15,"column":4},"end":{"line":15,"column":22}},"4":{"start":{"line":19,"column":22},"end":{"line":19,"column":24}},"5":{"start":{"line":20,"column":23},"end":{"line":20,"column":25}},"6":{"start":{"line":21,"column":4},"end":{"line":23,"column":5}},"7":{"start":{"line":22,"column":6},"end":{"line":22,"column":82}},"8":{"start":{"line":24,"column":4},"end":{"line":26,"column":5}},"9":{"start":{"line":25,"column":6},"end":{"line":25,"column":89}},"10":{"start":{"line":27,"column":4},"end":{"line":27,"column":33}},"11":{"start":{"line":28,"column":4},"end":{"line":28,"column":34}},"12":{"start":{"line":32,"column":4},"end":{"line":37,"column":6}},"13":{"start":{"line":34,"column":42},"end":{"line":34,"column":46}},"14":{"start":{"line":35,"column":43},"end":{"line":35,"column":47}}},"fnMap":{"0":{"name":"(anonymous_0)","decl":{"start":{"line":5,"column":2},"end":{"line":5,"column":3}},"loc":{"start":{"line":5,"column":21},"end":{"line":12,"column":3}},"line":5},"1":{"name":"(anonymous_1)","decl":{"start":{"line":14,"column":2},"end":{"line":14,"column":3}},"loc":{"start":{"line":14,"column":22},"end":{"line":16,"column":3}},"line":14},"2":{"name":"(anonymous_2)","decl":{"start":{"line":18,"column":2},"end":{"line":18,"column":3}},"loc":{"start":{"line":18,"column":15},"end":{"line":29,"column":3}},"line":18},"3":{"name":"(anonymous_3)","decl":{"start":{"line":31,"column":2},"end":{"line":31,"column":3}},"loc":{"start":{"line":31,"column":11},"end":{"line":38,"column":3}},"line":31},"4":{"name":"(anonymous_4)","decl":{"start":{"line":34,"column":34},"end":{"line":34,"column":35}},"loc":{"start":{"line":34,"column":42},"end":{"line":34,"column":46}},"line":34},"5":{"name":"(anonymous_5)","decl":{"start":{"line":35,"column":35},"end":{"line":35,"column":36}},"loc":{"start":{"line":35,"column":43},"end":{"line":35,"column":47}},"line":35}},"branchMap":{},"s":{"0":1,"1":1,"2":1,"3":1,"4":1,"5":1,"6":1,"7":0,"8":1,"9":0,"10":1,"11":1,"12":3,"13":0,"14":0},"f":{"0":1,"1":1,"2":1,"3":3,"4":0,"5":0},"b":{},"_coverageSchema":"332fd63041d2c1bcb487cc26dd0d5f7d97098a6c","hash":"50ae6342fd6d03e9bcc2bc4c2b4efab9896300ff"}
,"/Users/mina/Documents/HR105/FECproject/client/src/components/topreviewbar.jsx": {"path":"/Users/mina/Documents/HR105/FECproject/client/src/components/topreviewbar.jsx","statementMap":{"0":{"start":{"line":6,"column":21},"end":{"line":39,"column":1}},"1":{"start":{"line":7,"column":2},"end":{"line":38,"column":8}}},"fnMap":{"0":{"name":"(anonymous_0)","decl":{"start":{"line":6,"column":21},"end":{"line":6,"column":22}},"loc":{"start":{"line":7,"column":2},"end":{"line":38,"column":8}},"line":7}},"branchMap":{},"s":{"0":3,"1":1},"f":{"0":1},"b":{},"_coverageSchema":"332fd63041d2c1bcb487cc26dd0d5f7d97098a6c","hash":"45cd3b1d3b05b2d3309412318c351a62c126701d"}
,"/Users/mina/Documents/HR105/FECproject/test/setupTests.js": {"path":"/Users/mina/Documents/HR105/FECproject/test/setupTests.js","statementMap":{"0":{"start":{"line":4,"column":0},"end":{"line":4,"column":38}}},"fnMap":{},"branchMap":{},"s":{"0":5},"f":{},"b":{},"_coverageSchema":"332fd63041d2c1bcb487cc26dd0d5f7d97098a6c","hash":"f53dcae678dc92da7b682126c171555af9aefdee"}
}
