TN:
SF:/Users/mina/Documents/HR105/FECproject/client/src/components/app.jsx
FN:8,(anonymous_0)
FN:19,(anonymous_1)
FN:24,(anonymous_2)
FN:29,(anonymous_3)
FN:32,(anonymous_4)
FN:38,(anonymous_5)
FN:40,(anonymous_6)
FN:49,(anonymous_7)
FN:54,(anonymous_8)
FN:59,(anonymous_9)
FNF:10
FNH:7
FNDA:10,(anonymous_0)
FNDA:1,(anonymous_1)
FNDA:1,(anonymous_2)
FNDA:10,(anonymous_3)
FNDA:1,(anonymous_4)
FNDA:0,(anonymous_5)
FNDA:0,(anonymous_6)
FNDA:11,(anonymous_7)
FNDA:0,(anonymous_8)
FNDA:15,(anonymous_9)
DA:9,10
DA:10,10
DA:14,10
DA:15,10
DA:16,10
DA:17,10
DA:20,1
DA:21,1
DA:22,1
DA:25,1
DA:26,1
DA:27,1
DA:30,10
DA:33,1
DA:34,1
DA:35,1
DA:39,0
DA:40,0
DA:41,0
DA:43,0
DA:44,0
DA:50,11
DA:51,11
DA:55,0
DA:62,15
DA:63,2
DA:64,2
DA:66,13
DA:68,15
LF:29
LH:23
BRDA:43,0,0,0
BRDA:43,0,1,0
BRDA:62,1,0,2
BRDA:62,1,1,13
BRF:4
BRH:2
end_of_record
TN:
SF:/Users/mina/Documents/HR105/FECproject/client/src/components/buttomreviewpart.jsx
FN:5,(anonymous_0)
FN:6,(anonymous_1)
FNF:2
FNH:2
FNDA:1,(anonymous_0)
FNDA:1,(anonymous_1)
DA:5,3
DA:6,1
DA:7,1
LF:3
LH:3
BRF:0
BRH:0
end_of_record
TN:
SF:/Users/mina/Documents/HR105/FECproject/client/src/components/report.jsx
FN:6,Report
FNF:1
FNH:1
FNDA:1,Report
DA:7,1
LF:1
LH:1
BRF:0
BRH:0
end_of_record
TN:
SF:/Users/mina/Documents/HR105/FECproject/client/src/components/reviewtotalnumber.jsx
FN:4,(anonymous_0)
FNF:1
FNH:1
FNDA:1,(anonymous_0)
DA:4,4
DA:5,1
LF:2
LH:2
BRF:0
BRH:0
end_of_record
TN:
SF:/Users/mina/Documents/HR105/FECproject/client/src/components/searchbar.jsx
FN:4,(anonymous_0)
FN:7,(anonymous_1)
FN:11,(anonymous_2)
FNF:3
FNH:2
FNDA:2,(anonymous_0)
FNDA:2,(anonymous_1)
FNDA:0,(anonymous_2)
DA:5,2
DA:8,2
DA:11,0
LF:3
LH:2
BRF:0
BRH:0
end_of_record
TN:
SF:/Users/mina/Documents/HR105/FECproject/client/src/components/starpresentation.jsx
FN:5,(anonymous_0)
FN:13,(anonymous_1)
FN:16,(anonymous_2)
FN:29,(anonymous_3)
FN:32,(anonymous_4)
FN:33,(anonymous_5)
FNF:6
FNH:4
FNDA:1,(anonymous_0)
FNDA:1,(anonymous_1)
FNDA:1,(anonymous_2)
FNDA:3,(anonymous_3)
FNDA:0,(anonymous_4)
FNDA:0,(anonymous_5)
DA:6,1
DA:7,1
DA:11,1
DA:14,1
DA:17,1
DA:18,1
DA:19,1
DA:20,0
DA:22,1
DA:23,0
DA:25,1
DA:26,1
DA:30,3
DA:32,0
DA:33,0
LF:15
LH:11
BRF:0
BRH:0
end_of_record
TN:
SF:/Users/mina/Documents/HR105/FECproject/client/src/components/topreviewbar.jsx
FN:6,(anonymous_0)
FNF:1
FNH:1
FNDA:1,(anonymous_0)
DA:6,4
DA:7,1
LF:2
LH:2
BRF:0
BRH:0
end_of_record
TN:
SF:/Users/mina/Documents/HR105/FECproject/test/setupTests.js
FNF:0
FNH:0
DA:4,5
LF:1
LH:1
BRF:0
BRH:0
end_of_record
