TN:
SF:/Users/mina/Documents/HR105/FECproject/client/src/components/app.jsx
FN:8,(anonymous_0)
FN:20,(anonymous_1)
FN:24,(anonymous_2)
FN:30,(anonymous_3)
FN:32,(anonymous_4)
FN:40,(anonymous_5)
FN:45,(anonymous_6)
FN:51,(anonymous_7)
FN:57,(anonymous_8)
FN:63,(anonymous_9)
FNF:10
FNH:7
FNDA:10,(anonymous_0)
FNDA:10,(anonymous_1)
FNDA:1,(anonymous_2)
FNDA:0,(anonymous_3)
FNDA:0,(anonymous_4)
FNDA:11,(anonymous_5)
FNDA:0,(anonymous_6)
FNDA:1,(anonymous_7)
FNDA:1,(anonymous_8)
FNDA:15,(anonymous_9)
DA:9,10
DA:10,10
DA:14,10
DA:15,10
DA:16,10
DA:17,10
DA:21,10
DA:25,1
DA:26,1
DA:27,1
DA:31,0
DA:32,0
DA:33,0
DA:34,0
DA:41,11
DA:42,11
DA:46,0
DA:52,1
DA:53,1
DA:54,1
DA:58,1
DA:59,1
DA:60,1
DA:66,15
DA:67,2
DA:68,2
DA:75,13
DA:77,15
LF:28
LH:23
BRDA:33,0,0,0
BRDA:33,0,1,0
BRDA:66,1,0,2
BRDA:66,1,1,13
BRF:4
BRH:2
end_of_record
TN:
SF:/Users/mina/Documents/HR105/FECproject/client/src/components/buttomreviewpart.jsx
FN:4,(anonymous_0)
FN:5,(anonymous_1)
FNF:2
FNH:2
FNDA:1,(anonymous_0)
FNDA:1,(anonymous_1)
DA:4,3
DA:5,1
DA:6,1
LF:3
LH:3
BRF:0
BRH:0
end_of_record
TN:
SF:/Users/mina/Documents/HR105/FECproject/client/src/components/report.jsx
FN:6,Report
FNF:1
FNH:1
FNDA:1,Report
DA:7,1
LF:1
LH:1
BRF:0
BRH:0
end_of_record
TN:
SF:/Users/mina/Documents/HR105/FECproject/client/src/components/reviewtotalnumber.jsx
FN:4,(anonymous_0)
FNF:1
FNH:1
FNDA:1,(anonymous_0)
DA:4,3
DA:5,1
LF:2
LH:2
BRF:0
BRH:0
end_of_record
TN:
SF:/Users/mina/Documents/HR105/FECproject/client/src/components/searchbar.jsx
FN:3,(anonymous_0)
FN:6,(anonymous_1)
FNF:2
FNH:1
FNDA:2,(anonymous_0)
FNDA:0,(anonymous_1)
DA:3,4
DA:4,2
DA:6,0
LF:3
LH:2
BRF:0
BRH:0
end_of_record
TN:
SF:/Users/mina/Documents/HR105/FECproject/client/src/components/starpresentation.jsx
FN:5,(anonymous_0)
FN:14,(anonymous_1)
FN:18,(anonymous_2)
FN:31,(anonymous_3)
FN:34,(anonymous_4)
FN:35,(anonymous_5)
FNF:6
FNH:4
FNDA:1,(anonymous_0)
FNDA:1,(anonymous_1)
FNDA:1,(anonymous_2)
FNDA:3,(anonymous_3)
FNDA:0,(anonymous_4)
FNDA:0,(anonymous_5)
DA:6,1
DA:7,1
DA:11,1
DA:15,1
DA:19,1
DA:20,1
DA:21,1
DA:22,0
DA:24,1
DA:25,0
DA:27,1
DA:28,1
DA:32,3
DA:34,0
DA:35,0
LF:15
LH:11
BRF:0
BRH:0
end_of_record
TN:
SF:/Users/mina/Documents/HR105/FECproject/client/src/components/topreviewbar.jsx
FN:6,(anonymous_0)
FNF:1
FNH:1
FNDA:1,(anonymous_0)
DA:6,3
DA:7,1
LF:2
LH:2
BRF:0
BRH:0
end_of_record
TN:
SF:/Users/mina/Documents/HR105/FECproject/test/setupTests.js
FNF:0
FNH:0
DA:4,5
LF:1
LH:1
BRF:0
BRH:0
end_of_record
